10:35:49:Log Start.
10:36:03:Create listen socket 0x000006B0.
10:36:03:Create listen socket 0x0000072C.
10:36:07:work thread quit.
10:36:07:work thread quit.
10:36:07:work thread quit.
10:36:07:work thread quit.
10:36:07:work thread quit.
10:36:07:work thread quit.
10:36:07:work thread quit.
10:36:07:work thread quit.
10:36:07:wait for threads quit...
10:36:07:work thread quit.
10:36:07:work thread quit.
10:36:07:work thread quit.
10:36:07:work thread quit.
10:36:07:work thread quit.
10:36:07:work thread quit.
10:36:07:work thread quit.
10:36:07:work thread quit.
10:36:07:work thread quit.
10:36:07:work thread quit.
10:36:07:work thread quit.
10:36:07:work thread quit.
10:36:07:work thread quit.
10:36:07:work thread quit.
10:36:07:work thread quit.
10:36:07:receive WM_QUIT message.
10:36:07:work thread quit.
10:36:08:accpet thread exit.
10:36:08:all threads quited.
10:36:08:work thread quit.
10:36:08:work thread quit.
10:36:08:work thread quit.
10:36:08:work thread quit.
10:36:08:work thread quit.
10:36:08:work thread quit.
10:36:08:work thread quit.
10:36:08:wait for threads quit...
10:36:08:work thread quit.
10:36:08:work thread quit.
10:36:08:work thread quit.
10:36:08:work thread quit.
10:36:08:receive WM_QUIT message.
10:36:08:work thread quit.
10:36:08:work thread quit.
10:36:08:work thread quit.
10:36:08:work thread quit.
10:36:08:work thread quit.
10:36:08:work thread quit.
10:36:08:work thread quit.
10:36:08:work thread quit.
10:36:08:work thread quit.
10:36:09:accpet thread exit.
10:36:08:work thread quit.
10:36:08:work thread quit.
10:36:08:work thread quit.
10:36:08:work thread quit.
10:36:09:all threads quited.
