10:16:16:Log Start.
10:16:16:Create listen socket 0x000007B4.
10:16:16:Create listen socket 0x0000080C.
10:16:21:work thread quit.
10:16:21:receive WM_QUIT message.
10:16:21:work thread quit.
10:16:21:work thread quit.
10:16:21:work thread quit.
10:16:21:work thread quit.
10:16:21:work thread quit.
10:16:21:work thread quit.
10:16:21:work thread quit.
10:16:21:work thread quit.
10:16:21:work thread quit.
10:16:21:work thread quit.
10:16:21:work thread quit.
10:16:21:work thread quit.
10:16:21:work thread quit.
10:16:21:work thread quit.
10:16:21:work thread quit.
10:16:21:work thread quit.
10:16:21:work thread quit.
10:16:21:wait for threads quit...
10:16:21:work thread quit.
10:16:21:work thread quit.
10:16:21:work thread quit.
10:16:21:work thread quit.
10:16:21:work thread quit.
10:16:21:work thread quit.
10:16:22:accpet thread exit.
10:16:23:all threads quited.
10:16:23:wait for threads quit...
10:16:23:work thread quit.
10:16:23:work thread quit.
10:16:23:work thread quit.
10:16:23:work thread quit.
10:16:23:work thread quit.
10:16:23:work thread quit.
10:16:23:work thread quit.
10:16:23:work thread quit.
10:16:23:work thread quit.
10:16:23:work thread quit.
10:16:23:work thread quit.
10:16:23:work thread quit.
10:16:23:work thread quit.
10:16:23:work thread quit.
10:16:23:work thread quit.
10:16:23:work thread quit.
10:16:23:receive WM_QUIT message.
10:16:23:work thread quit.
10:16:23:work thread quit.
10:16:23:work thread quit.
10:16:23:work thread quit.
10:16:23:work thread quit.
10:16:23:accpet thread exit.
10:16:23:work thread quit.
10:16:23:work thread quit.
10:16:23:work thread quit.
10:16:23:all threads quited.
